<?xml version="1.0" encoding="UTF-8"?>
<coverage generated="1777646337849" clover="3.2.0">
  <project timestamp="1777646337850" name="All files">
    <metrics statements="127" coveredstatements="124" conditionals="86" coveredconditionals="78" methods="34" coveredmethods="32" elements="247" coveredelements="234" complexity="0" loc="127" ncloc="127" packages="1" files="2" classes="2"/>
    <file name="client.ts" path="/home/jiyu/work/biopb/packages/tensor-flight-client/src/client.ts">
      <metrics statements="46" coveredstatements="44" conditionals="20" coveredconditionals="15" methods="21" coveredmethods="19"/>
      <line num="28" count="6" type="stmt"/>
      <line num="30" count="6" type="stmt"/>
      <line num="32" count="6" type="stmt"/>
      <line num="33" count="6" type="stmt"/>
      <line num="42" count="17" type="stmt"/>
      <line num="43" count="17" type="stmt"/>
      <line num="44" count="0" type="stmt"/>
      <line num="47" count="17" type="stmt"/>
      <line num="48" count="13" type="stmt"/>
      <line num="49" count="4" type="stmt"/>
      <line num="63" count="18" type="stmt"/>
      <line num="65" count="18" type="stmt"/>
      <line num="73" count="18" type="stmt"/>
      <line num="74" count="18" type="cond" truecount="2" falsecount="0"/>
      <line num="82" count="17" type="stmt"/>
      <line num="83" count="17" type="cond" truecount="2" falsecount="0"/>
      <line num="84" count="16" type="stmt"/>
      <line num="86" count="17" type="stmt"/>
      <line num="94" count="12" type="stmt"/>
      <line num="95" count="12" type="stmt"/>
      <line num="99" count="12" type="cond" truecount="2" falsecount="0"/>
      <line num="101" count="3" type="stmt"/>
      <line num="102" count="3" type="stmt"/>
      <line num="104" count="9" type="stmt"/>
      <line num="106" count="12" type="cond" truecount="1" falsecount="1"/>
      <line num="116" count="5" type="stmt"/>
      <line num="117" count="5" type="stmt"/>
      <line num="122" count="5" type="cond" truecount="2" falsecount="0"/>
      <line num="123" count="1" type="stmt"/>
      <line num="124" count="1" type="stmt"/>
      <line num="125" count="0" type="stmt"/>
      <line num="128" count="4" type="stmt"/>
      <line num="130" count="5" type="cond" truecount="1" falsecount="1"/>
      <line num="140" count="3" type="stmt"/>
      <line num="144" count="1" type="stmt"/>
      <line num="153" count="4" type="stmt"/>
      <line num="162" count="2" type="stmt"/>
      <line num="174" count="1" type="stmt"/>
      <line num="194" count="5" type="stmt"/>
      <line num="196" count="4" type="cond" truecount="1" falsecount="1"/>
      <line num="197" count="5" type="cond" truecount="1" falsecount="1"/>
      <line num="198" count="5" type="cond" truecount="1" falsecount="1"/>
      <line num="202" count="5" type="stmt"/>
      <line num="203" count="5" type="stmt"/>
      <line num="205" count="4" type="stmt"/>
      <line num="213" count="1" type="stmt"/>
    </file>
    <file name="tensor-array.ts" path="/home/jiyu/work/biopb/packages/tensor-flight-client/src/tensor-array.ts">
      <metrics statements="81" coveredstatements="80" conditionals="66" coveredconditionals="63" methods="13" coveredmethods="13"/>
      <line num="19" count="1" type="stmt"/>
      <line num="20" count="1" type="stmt"/>
      <line num="21" count="1" type="stmt"/>
      <line num="22" count="1" type="stmt"/>
      <line num="23" count="1" type="stmt"/>
      <line num="35" count="15" type="stmt"/>
      <line num="36" count="47" type="stmt"/>
      <line num="38" count="15" type="stmt"/>
      <line num="39" count="47" type="stmt"/>
      <line num="40" count="47" type="cond" truecount="4" falsecount="0"/>
      <line num="41" count="44" type="cond" truecount="4" falsecount="0"/>
      <line num="42" count="34" type="cond" truecount="4" falsecount="0"/>
      <line num="43" count="31" type="cond" truecount="4" falsecount="0"/>
      <line num="44" count="19" type="cond" truecount="4" falsecount="0"/>
      <line num="49" count="15" type="stmt"/>
      <line num="50" count="15" type="cond" truecount="4" falsecount="0"/>
      <line num="51" count="15" type="cond" truecount="4" falsecount="0"/>
      <line num="52" count="15" type="cond" truecount="4" falsecount="0"/>
      <line num="53" count="15" type="cond" truecount="4" falsecount="0"/>
      <line num="54" count="15" type="cond" truecount="4" falsecount="0"/>
      <line num="56" count="15" type="stmt"/>
      <line num="61" count="34" type="stmt"/>
      <line num="62" count="10" type="stmt"/>
      <line num="63" count="34" type="stmt"/>
      <line num="77" count="1" type="stmt"/>
      <line num="97" count="7" type="stmt"/>
      <line num="98" count="7" type="stmt"/>
      <line num="100" count="7" type="stmt"/>
      <line num="101" count="7" type="stmt"/>
      <line num="103" count="7" type="cond" truecount="4" falsecount="0"/>
      <line num="104" count="1" type="stmt"/>
      <line num="107" count="6" type="stmt"/>
      <line num="108" count="6" type="stmt"/>
      <line num="110" count="6" type="cond" truecount="3" falsecount="1"/>
      <line num="111" count="0" type="stmt"/>
      <line num="115" count="6" type="stmt"/>
      <line num="116" count="6" type="stmt"/>
      <line num="118" count="6" type="stmt"/>
      <line num="121" count="6" type="stmt"/>
      <line num="122" count="6" type="stmt"/>
      <line num="123" count="6" type="stmt"/>
      <line num="126" count="6" type="stmt"/>
      <line num="127" count="6" type="stmt"/>
      <line num="128" count="6" type="stmt"/>
      <line num="131" count="6" type="cond" truecount="4" falsecount="0"/>
      <line num="132" count="1" type="stmt"/>
      <line num="133" count="1" type="stmt"/>
      <line num="134" count="1" type="cond" truecount="3" falsecount="1"/>
      <line num="135" count="1" type="stmt"/>
      <line num="139" count="6" type="stmt"/>
      <line num="140" count="6" type="stmt"/>
      <line num="141" count="6" type="stmt"/>
      <line num="144" count="6" type="stmt"/>
      <line num="168" count="4" type="cond" truecount="1" falsecount="1"/>
      <line num="169" count="4" type="cond" truecount="2" falsecount="0"/>
      <line num="170" count="3" type="stmt"/>
      <line num="191" count="7" type="stmt"/>
      <line num="192" count="7" type="stmt"/>
      <line num="193" count="7" type="stmt"/>
      <line num="194" count="7" type="stmt"/>
      <line num="195" count="7" type="stmt"/>
      <line num="199" count="7" type="stmt"/>
      <line num="203" count="1" type="stmt"/>
      <line num="207" count="1" type="stmt"/>
      <line num="217" count="6" type="stmt"/>
      <line num="218" count="6" type="stmt"/>
      <line num="220" count="6" type="stmt"/>
      <line num="221" count="6" type="stmt"/>
      <line num="223" count="6" type="stmt"/>
      <line num="224" count="30" type="cond" truecount="4" falsecount="0"/>
      <line num="225" count="4" type="stmt"/>
      <line num="226" count="4" type="stmt"/>
      <line num="227" count="4" type="stmt"/>
      <line num="228" count="4" type="stmt"/>
      <line num="231" count="6" type="stmt"/>
      <line num="232" count="6" type="stmt"/>
      <line num="233" count="6" type="stmt"/>
      <line num="234" count="6" type="stmt"/>
      <line num="235" count="6" type="stmt"/>
      <line num="237" count="6" type="stmt"/>
      <line num="247" count="6" type="stmt"/>
    </file>
  </project>
</coverage>
