{"/home/jiyu/work/biopb/packages/tensor-flight-client/src/client.ts": {"path":"/home/jiyu/work/biopb/packages/tensor-flight-client/src/client.ts","statementMap":{"0":{"start":{"line":32,"column":4},"end":{"line":32,"column":null}},"1":{"start":{"line":28,"column":20},"end":{"line":28,"column":null}},"2":{"start":{"line":30,"column":20},"end":{"line":30,"column":null}},"3":{"start":{"line":33,"column":4},"end":{"line":33,"column":null}},"4":{"start":{"line":42,"column":2},"end":{"line":51,"column":null}},"5":{"start":{"line":43,"column":15},"end":{"line":45,"column":null}},"6":{"start":{"line":44,"column":12},"end":{"line":44,"column":79}},"7":{"start":{"line":47,"column":4},"end":{"line":50,"column":null}},"8":{"start":{"line":48,"column":15},"end":{"line":48,"column":33}},"9":{"start":{"line":48,"column":33},"end":{"line":48,"column":null}},"10":{"start":{"line":49,"column":15},"end":{"line":49,"column":33}},"11":{"start":{"line":49,"column":33},"end":{"line":49,"column":null}},"12":{"start":{"line":63,"column":22},"end":{"line":63,"column":null}},"13":{"start":{"line":65,"column":19},"end":{"line":65,"column":null}},"14":{"start":{"line":73,"column":4},"end":{"line":73,"column":null}},"15":{"start":{"line":74,"column":4},"end":{"line":74,"column":null}},"16":{"start":{"line":82,"column":38},"end":{"line":82,"column":76}},"17":{"start":{"line":83,"column":4},"end":{"line":84,"column":null}},"18":{"start":{"line":84,"column":6},"end":{"line":84,"column":null}},"19":{"start":{"line":86,"column":4},"end":{"line":86,"column":null}},"20":{"start":{"line":94,"column":16},"end":{"line":94,"column":null}},"21":{"start":{"line":95,"column":20},"end":{"line":105,"column":null}},"22":{"start":{"line":99,"column":6},"end":{"line":102,"column":null}},"23":{"start":{"line":101,"column":8},"end":{"line":101,"column":null}},"24":{"start":{"line":101,"column":14},"end":{"line":101,"column":49}},"25":{"start":{"line":102,"column":8},"end":{"line":102,"column":null}},"26":{"start":{"line":104,"column":6},"end":{"line":104,"column":null}},"27":{"start":{"line":106,"column":4},"end":{"line":108,"column":null}},"28":{"start":{"line":116,"column":16},"end":{"line":116,"column":null}},"29":{"start":{"line":117,"column":20},"end":{"line":129,"column":null}},"30":{"start":{"line":122,"column":6},"end":{"line":126,"column":null}},"31":{"start":{"line":123,"column":8},"end":{"line":126,"column":null}},"32":{"start":{"line":124,"column":24},"end":{"line":124,"column":null}},"33":{"start":{"line":125,"column":18},"end":{"line":125,"column":null}},"34":{"start":{"line":128,"column":6},"end":{"line":128,"column":null}},"35":{"start":{"line":130,"column":4},"end":{"line":132,"column":null}},"36":{"start":{"line":140,"column":4},"end":{"line":140,"column":null}},"37":{"start":{"line":144,"column":4},"end":{"line":144,"column":null}},"38":{"start":{"line":153,"column":4},"end":{"line":157,"column":null}},"39":{"start":{"line":162,"column":4},"end":{"line":166,"column":null}},"40":{"start":{"line":174,"column":4},"end":{"line":178,"column":null}},"41":{"start":{"line":194,"column":16},"end":{"line":194,"column":78}},"42":{"start":{"line":196,"column":24},"end":{"line":196,"column":null}},"43":{"start":{"line":197,"column":18},"end":{"line":197,"column":null}},"44":{"start":{"line":198,"column":10},"end":{"line":200,"column":22}},"45":{"start":{"line":202,"column":18},"end":{"line":202,"column":68}},"46":{"start":{"line":203,"column":19},"end":{"line":203,"column":42}},"47":{"start":{"line":205,"column":4},"end":{"line":205,"column":null}},"48":{"start":{"line":213,"column":4},"end":{"line":217,"column":null}}},"fnMap":{"0":{"name":"(anonymous_0)","decl":{"start":{"line":27,"column":2},"end":{"line":27,"column":null}},"loc":{"start":{"line":31,"column":4},"end":{"line":33,"column":null}},"line":31},"1":{"name":"withTimeout","decl":{"start":{"line":41,"column":9},"end":{"line":41,"column":24}},"loc":{"start":{"line":41,"column":84},"end":{"line":51,"column":null}},"line":41},"2":{"name":"(anonymous_2)","decl":{"start":{"line":42,"column":13},"end":{"line":42,"column":25}},"loc":{"start":{"line":42,"column":45},"end":{"line":51,"column":null}},"line":42},"3":{"name":"(anonymous_3)","decl":{"start":{"line":43,"column":15},"end":{"line":43,"column":null}},"loc":{"start":{"line":44,"column":12},"end":{"line":44,"column":79}},"line":44},"4":{"name":"(anonymous_4)","decl":{"start":{"line":47,"column":12},"end":{"line":47,"column":null}},"loc":{"start":{"line":48,"column":13},"end":{"line":49,"column":13}},"line":48},"5":{"name":"(anonymous_5)","decl":{"start":{"line":49,"column":7},"end":{"line":49,"column":13}},"loc":{"start":{"line":49,"column":13},"end":{"line":50,"column":null}},"line":49},"6":{"name":"(anonymous_6)","decl":{"start":{"line":72,"column":2},"end":{"line":72,"column":14}},"loc":{"start":{"line":72,"column":53},"end":{"line":74,"column":null}},"line":72},"7":{"name":"(anonymous_7)","decl":{"start":{"line":81,"column":2},"end":{"line":81,"column":10}},"loc":{"start":{"line":81,"column":74},"end":{"line":86,"column":null}},"line":81},"8":{"name":"(anonymous_8)","decl":{"start":{"line":89,"column":16},"end":{"line":89,"column":null}},"loc":{"start":{"line":93,"column":16},"end":{"line":108,"column":null}},"line":93},"9":{"name":"(anonymous_9)","decl":{"start":{"line":98,"column":12},"end":{"line":98,"column":19}},"loc":{"start":{"line":98,"column":27},"end":{"line":105,"column":null}},"line":98},"10":{"name":"(anonymous_10)","decl":{"start":{"line":111,"column":16},"end":{"line":111,"column":null}},"loc":{"start":{"line":115,"column":23},"end":{"line":132,"column":null}},"line":115},"11":{"name":"(anonymous_11)","decl":{"start":{"line":121,"column":7},"end":{"line":121,"column":13}},"loc":{"start":{"line":121,"column":21},"end":{"line":129,"column":null}},"line":121},"12":{"name":"(anonymous_12)","decl":{"start":{"line":123,"column":26},"end":{"line":123,"column":null}},"loc":{"start":{"line":124,"column":22},"end":{"line":125,"column":18}},"line":124},"13":{"name":"(anonymous_13)","decl":{"start":{"line":125,"column":16},"end":{"line":125,"column":18}},"loc":{"start":{"line":125,"column":16},"end":{"line":126,"column":null}},"line":125},"14":{"name":"(anonymous_14)","decl":{"start":{"line":139,"column":8},"end":{"line":139,"column":64}},"loc":{"start":{"line":139,"column":64},"end":{"line":140,"column":null}},"line":139},"15":{"name":"(anonymous_15)","decl":{"start":{"line":143,"column":8},"end":{"line":143,"column":42}},"loc":{"start":{"line":143,"column":42},"end":{"line":144,"column":null}},"line":143},"16":{"name":"(anonymous_16)","decl":{"start":{"line":152,"column":8},"end":{"line":152,"column":55}},"loc":{"start":{"line":152,"column":55},"end":{"line":157,"column":null}},"line":152},"17":{"name":"(anonymous_17)","decl":{"start":{"line":161,"column":8},"end":{"line":161,"column":18}},"loc":{"start":{"line":161,"column":67},"end":{"line":166,"column":null}},"line":161},"18":{"name":"(anonymous_18)","decl":{"start":{"line":173,"column":8},"end":{"line":173,"column":26}},"loc":{"start":{"line":173,"column":78},"end":{"line":178,"column":null}},"line":173},"19":{"name":"(anonymous_19)","decl":{"start":{"line":193,"column":8},"end":{"line":193,"column":14}},"loc":{"start":{"line":193,"column":56},"end":{"line":205,"column":null}},"line":193},"20":{"name":"(anonymous_20)","decl":{"start":{"line":212,"column":8},"end":{"line":212,"column":52}},"loc":{"start":{"line":212,"column":52},"end":{"line":217,"column":null}},"line":212}},"branchMap":{"0":{"loc":{"start":{"line":74,"column":17},"end":{"line":74,"column":null}},"type":"binary-expr","locations":[{"start":{"line":74,"column":17},"end":{"line":74,"column":26}},{"start":{"line":74,"column":26},"end":{"line":74,"column":null}}],"line":74},"1":{"loc":{"start":{"line":83,"column":4},"end":{"line":84,"column":null}},"type":"if","locations":[{"start":{"line":83,"column":4},"end":{"line":84,"column":null}},{"start":{},"end":{}}],"line":83},"2":{"loc":{"start":{"line":97,"column":40},"end":{"line":97,"column":null}},"type":"binary-expr","locations":[{"start":{"line":97,"column":40},"end":{"line":97,"column":86}},{"start":{"line":97,"column":86},"end":{"line":97,"column":null}}],"line":97},"3":{"loc":{"start":{"line":99,"column":6},"end":{"line":102,"column":null}},"type":"if","locations":[{"start":{"line":99,"column":6},"end":{"line":102,"column":null}},{"start":{},"end":{}}],"line":99},"4":{"loc":{"start":{"line":106,"column":11},"end":{"line":108,"column":null}},"type":"cond-expr","locations":[{"start":{"line":107,"column":8},"end":{"line":107,"column":45}},{"start":{"line":108,"column":8},"end":{"line":108,"column":null}}],"line":106},"5":{"loc":{"start":{"line":122,"column":6},"end":{"line":126,"column":null}},"type":"if","locations":[{"start":{"line":122,"column":6},"end":{"line":126,"column":null}},{"start":{},"end":{}}],"line":122},"6":{"loc":{"start":{"line":130,"column":11},"end":{"line":132,"column":null}},"type":"cond-expr","locations":[{"start":{"line":131,"column":8},"end":{"line":131,"column":45}},{"start":{"line":132,"column":8},"end":{"line":132,"column":null}}],"line":130},"7":{"loc":{"start":{"line":196,"column":24},"end":{"line":196,"column":null}},"type":"binary-expr","locations":[{"start":{"line":196,"column":24},"end":{"line":196,"column":50}},{"start":{"line":196,"column":54},"end":{"line":196,"column":null}}],"line":196},"8":{"loc":{"start":{"line":197,"column":18},"end":{"line":197,"column":null}},"type":"binary-expr","locations":[{"start":{"line":197,"column":18},"end":{"line":197,"column":44}},{"start":{"line":197,"column":48},"end":{"line":197,"column":null}}],"line":197},"9":{"loc":{"start":{"line":198,"column":23},"end":{"line":198,"column":null}},"type":"binary-expr","locations":[{"start":{"line":198,"column":23},"end":{"line":198,"column":54}},{"start":{"line":198,"column":58},"end":{"line":198,"column":null}}],"line":198}},"s":{"0":6,"1":6,"2":6,"3":6,"4":17,"5":17,"6":0,"7":17,"8":13,"9":13,"10":4,"11":4,"12":18,"13":18,"14":18,"15":18,"16":17,"17":17,"18":16,"19":17,"20":12,"21":12,"22":12,"23":3,"24":3,"25":3,"26":9,"27":12,"28":5,"29":5,"30":5,"31":1,"32":1,"33":0,"34":4,"35":5,"36":3,"37":1,"38":4,"39":2,"40":1,"41":5,"42":4,"43":5,"44":5,"45":5,"46":5,"47":4,"48":1},"f":{"0":6,"1":17,"2":17,"3":0,"4":13,"5":4,"6":18,"7":17,"8":12,"9":12,"10":5,"11":5,"12":1,"13":0,"14":3,"15":1,"16":4,"17":2,"18":1,"19":5,"20":1},"b":{"0":[18,2],"1":[16,1],"2":[12,12],"3":[3,9],"4":[12,0],"5":[1,4],"6":[5,0],"7":[4,0],"8":[5,0],"9":[5,0]},"meta":{"lastBranch":10,"lastFunction":21,"lastStatement":49,"seen":{"f:27:2:27:Infinity":0,"s:32:4:32:Infinity":0,"s:28:20:28:Infinity":1,"s:30:20:30:Infinity":2,"s:33:4:33:Infinity":3,"f:41:9:41:24":1,"s:42:2:51:Infinity":4,"f:42:13:42:25":2,"s:43:15:45:Infinity":5,"f:43:15:43:Infinity":3,"s:44:12:44:79":6,"s:47:4:50:Infinity":7,"f:47:12:47:Infinity":4,"s:48:15:48:33":8,"s:48:33:48:Infinity":9,"f:49:7:49:13":5,"s:49:15:49:33":10,"s:49:33:49:Infinity":11,"s:63:22:63:Infinity":12,"s:65:19:65:Infinity":13,"f:72:2:72:14":6,"s:73:4:73:Infinity":14,"s:74:4:74:Infinity":15,"b:74:17:74:26:74:26:74:Infinity":0,"f:81:2:81:10":7,"s:82:38:82:76":16,"b:83:4:84:Infinity:undefined:undefined:undefined:undefined":1,"s:83:4:84:Infinity":17,"s:84:6:84:Infinity":18,"s:86:4:86:Infinity":19,"f:89:16:89:Infinity":8,"s:94:16:94:Infinity":20,"s:95:20:105:Infinity":21,"b:97:40:97:86:97:86:97:Infinity":2,"f:98:12:98:19":9,"b:99:6:102:Infinity:undefined:undefined:undefined:undefined":3,"s:99:6:102:Infinity":22,"s:101:8:101:Infinity":23,"s:101:14:101:49":24,"s:102:8:102:Infinity":25,"s:104:6:104:Infinity":26,"s:106:4:108:Infinity":27,"b:107:8:107:45:108:8:108:Infinity":4,"f:111:16:111:Infinity":10,"s:116:16:116:Infinity":28,"s:117:20:129:Infinity":29,"f:121:7:121:13":11,"b:122:6:126:Infinity:undefined:undefined:undefined:undefined":5,"s:122:6:126:Infinity":30,"s:123:8:126:Infinity":31,"f:123:26:123:Infinity":12,"s:124:24:124:Infinity":32,"f:125:16:125:18":13,"s:125:18:125:Infinity":33,"s:128:6:128:Infinity":34,"s:130:4:132:Infinity":35,"b:131:8:131:45:132:8:132:Infinity":6,"f:139:8:139:64":14,"s:140:4:140:Infinity":36,"f:143:8:143:42":15,"s:144:4:144:Infinity":37,"f:152:8:152:55":16,"s:153:4:157:Infinity":38,"f:161:8:161:18":17,"s:162:4:166:Infinity":39,"f:173:8:173:26":18,"s:174:4:178:Infinity":40,"f:193:8:193:14":19,"s:194:16:194:78":41,"s:196:24:196:Infinity":42,"b:196:24:196:50:196:54:196:Infinity":7,"s:197:18:197:Infinity":43,"b:197:18:197:44:197:48:197:Infinity":8,"s:198:10:200:22":44,"b:198:23:198:54:198:58:198:Infinity":9,"s:202:18:202:68":45,"s:203:19:203:42":46,"s:205:4:205:Infinity":47,"f:212:8:212:52":20,"s:213:4:217:Infinity":48}}}
,"/home/jiyu/work/biopb/packages/tensor-flight-client/src/tensor-array.ts": {"path":"/home/jiyu/work/biopb/packages/tensor-flight-client/src/tensor-array.ts","statementMap":{"0":{"start":{"line":19,"column":18},"end":{"line":19,"column":57}},"1":{"start":{"line":20,"column":18},"end":{"line":20,"column":77}},"2":{"start":{"line":21,"column":18},"end":{"line":21,"column":69}},"3":{"start":{"line":22,"column":17},"end":{"line":22,"column":58}},"4":{"start":{"line":23,"column":16},"end":{"line":23,"column":70}},"5":{"start":{"line":35,"column":23},"end":{"line":35,"column":null}},"6":{"start":{"line":36,"column":17},"end":{"line":36,"column":61}},"7":{"start":{"line":36,"column":38},"end":{"line":36,"column":60}},"8":{"start":{"line":38,"column":2},"end":{"line":44,"column":null}},"9":{"start":{"line":38,"column":15},"end":{"line":38,"column":18}},"10":{"start":{"line":39,"column":14},"end":{"line":39,"column":null}},"11":{"start":{"line":40,"column":4},"end":{"line":44,"column":null}},"12":{"start":{"line":40,"column":43},"end":{"line":40,"column":null}},"13":{"start":{"line":41,"column":13},"end":{"line":44,"column":null}},"14":{"start":{"line":41,"column":49},"end":{"line":41,"column":null}},"15":{"start":{"line":42,"column":13},"end":{"line":44,"column":null}},"16":{"start":{"line":42,"column":47},"end":{"line":42,"column":null}},"17":{"start":{"line":43,"column":13},"end":{"line":44,"column":null}},"18":{"start":{"line":43,"column":49},"end":{"line":43,"column":null}},"19":{"start":{"line":44,"column":13},"end":{"line":44,"column":null}},"20":{"start":{"line":44,"column":49},"end":{"line":44,"column":null}},"21":{"start":{"line":49,"column":15},"end":{"line":49,"column":null}},"22":{"start":{"line":50,"column":2},"end":{"line":50,"column":null}},"23":{"start":{"line":50,"column":35},"end":{"line":50,"column":null}},"24":{"start":{"line":51,"column":2},"end":{"line":51,"column":null}},"25":{"start":{"line":51,"column":35},"end":{"line":51,"column":null}},"26":{"start":{"line":52,"column":2},"end":{"line":52,"column":null}},"27":{"start":{"line":52,"column":35},"end":{"line":52,"column":null}},"28":{"start":{"line":53,"column":2},"end":{"line":53,"column":null}},"29":{"start":{"line":53,"column":35},"end":{"line":53,"column":null}},"30":{"start":{"line":54,"column":2},"end":{"line":54,"column":null}},"31":{"start":{"line":54,"column":35},"end":{"line":54,"column":null}},"32":{"start":{"line":56,"column":2},"end":{"line":56,"column":null}},"33":{"start":{"line":61,"column":17},"end":{"line":61,"column":61}},"34":{"start":{"line":61,"column":38},"end":{"line":61,"column":60}},"35":{"start":{"line":62,"column":19},"end":{"line":62,"column":null}},"36":{"start":{"line":63,"column":2},"end":{"line":63,"column":null}},"37":{"start":{"line":63,"column":28},"end":{"line":63,"column":49}},"38":{"start":{"line":77,"column":19},"end":{"line":77,"column":null}},"39":{"start":{"line":97,"column":15},"end":{"line":97,"column":null}},"40":{"start":{"line":98,"column":18},"end":{"line":98,"column":49}},"41":{"start":{"line":100,"column":15},"end":{"line":100,"column":null}},"42":{"start":{"line":101,"column":15},"end":{"line":101,"column":null}},"43":{"start":{"line":103,"column":2},"end":{"line":104,"column":null}},"44":{"start":{"line":104,"column":4},"end":{"line":104,"column":null}},"45":{"start":{"line":107,"column":16},"end":{"line":107,"column":null}},"46":{"start":{"line":108,"column":16},"end":{"line":108,"column":null}},"47":{"start":{"line":110,"column":2},"end":{"line":111,"column":null}},"48":{"start":{"line":111,"column":4},"end":{"line":111,"column":null}},"49":{"start":{"line":115,"column":20},"end":{"line":115,"column":null}},"50":{"start":{"line":116,"column":20},"end":{"line":116,"column":null}},"51":{"start":{"line":118,"column":19},"end":{"line":118,"column":49}},"52":{"start":{"line":121,"column":23},"end":{"line":121,"column":null}},"53":{"start":{"line":122,"column":23},"end":{"line":122,"column":64}},"54":{"start":{"line":123,"column":22},"end":{"line":123,"column":57}},"55":{"start":{"line":126,"column":15},"end":{"line":126,"column":37}},"56":{"start":{"line":127,"column":22},"end":{"line":127,"column":38}},"57":{"start":{"line":128,"column":22},"end":{"line":128,"column":59}},"58":{"start":{"line":131,"column":2},"end":{"line":135,"column":null}},"59":{"start":{"line":132,"column":17},"end":{"line":132,"column":null}},"60":{"start":{"line":133,"column":18},"end":{"line":133,"column":null}},"61":{"start":{"line":134,"column":4},"end":{"line":135,"column":null}},"62":{"start":{"line":135,"column":6},"end":{"line":135,"column":null}},"63":{"start":{"line":139,"column":18},"end":{"line":139,"column":71}},"64":{"start":{"line":140,"column":2},"end":{"line":140,"column":null}},"65":{"start":{"line":141,"column":2},"end":{"line":141,"column":null}},"66":{"start":{"line":144,"column":2},"end":{"line":144,"column":null}},"67":{"start":{"line":168,"column":2},"end":{"line":168,"column":null}},"68":{"start":{"line":168,"column":25},"end":{"line":168,"column":null}},"69":{"start":{"line":169,"column":2},"end":{"line":169,"column":null}},"70":{"start":{"line":169,"column":31},"end":{"line":169,"column":null}},"71":{"start":{"line":170,"column":2},"end":{"line":170,"column":null}},"72":{"start":{"line":191,"column":4},"end":{"line":191,"column":null}},"73":{"start":{"line":192,"column":4},"end":{"line":192,"column":null}},"74":{"start":{"line":193,"column":4},"end":{"line":193,"column":null}},"75":{"start":{"line":194,"column":4},"end":{"line":194,"column":null}},"76":{"start":{"line":195,"column":4},"end":{"line":195,"column":null}},"77":{"start":{"line":199,"column":4},"end":{"line":199,"column":null}},"78":{"start":{"line":203,"column":4},"end":{"line":203,"column":null}},"79":{"start":{"line":207,"column":4},"end":{"line":207,"column":null}},"80":{"start":{"line":217,"column":17},"end":{"line":217,"column":null}},"81":{"start":{"line":218,"column":18},"end":{"line":218,"column":null}},"82":{"start":{"line":220,"column":33},"end":{"line":220,"column":56}},"83":{"start":{"line":221,"column":32},"end":{"line":221,"column":42}},"84":{"start":{"line":223,"column":10},"end":{"line":228,"column":null}},"85":{"start":{"line":224,"column":6},"end":{"line":224,"column":null}},"86":{"start":{"line":224,"column":45},"end":{"line":224,"column":null}},"87":{"start":{"line":225,"column":23},"end":{"line":225,"column":null}},"88":{"start":{"line":226,"column":21},"end":{"line":226,"column":43}},"89":{"start":{"line":227,"column":6},"end":{"line":227,"column":null}},"90":{"start":{"line":228,"column":6},"end":{"line":228,"column":null}},"91":{"start":{"line":231,"column":4},"end":{"line":231,"column":null}},"92":{"start":{"line":232,"column":4},"end":{"line":232,"column":null}},"93":{"start":{"line":233,"column":4},"end":{"line":233,"column":null}},"94":{"start":{"line":234,"column":4},"end":{"line":234,"column":null}},"95":{"start":{"line":235,"column":4},"end":{"line":235,"column":null}},"96":{"start":{"line":237,"column":30},"end":{"line":245,"column":null}},"97":{"start":{"line":247,"column":4},"end":{"line":247,"column":null}}},"fnMap":{"0":{"name":"buildAxisMap","decl":{"start":{"line":34,"column":16},"end":{"line":34,"column":29}},"loc":{"start":{"line":34,"column":59},"end":{"line":56,"column":null}},"line":34},"1":{"name":"(anonymous_1)","decl":{"start":{"line":36,"column":27},"end":{"line":36,"column":32}},"loc":{"start":{"line":36,"column":38},"end":{"line":36,"column":60}},"line":36},"2":{"name":"isAxisMapAmbiguous","decl":{"start":{"line":60,"column":16},"end":{"line":60,"column":35}},"loc":{"start":{"line":60,"column":65},"end":{"line":63,"column":null}},"line":60},"3":{"name":"(anonymous_3)","decl":{"start":{"line":61,"column":27},"end":{"line":61,"column":32}},"loc":{"start":{"line":61,"column":38},"end":{"line":61,"column":60}},"line":61},"4":{"name":"(anonymous_4)","decl":{"start":{"line":63,"column":16},"end":{"line":63,"column":22}},"loc":{"start":{"line":63,"column":28},"end":{"line":63,"column":49}},"line":63},"5":{"name":"computeScaleHint","decl":{"start":{"line":89,"column":16},"end":{"line":89,"column":null}},"loc":{"start":{"line":96,"column":15},"end":{"line":144,"column":null}},"line":96},"6":{"name":"toRange","decl":{"start":{"line":164,"column":9},"end":{"line":164,"column":null}},"loc":{"start":{"line":167,"column":20},"end":{"line":170,"column":null}},"line":167},"7":{"name":"(anonymous_7)","decl":{"start":{"line":186,"column":2},"end":{"line":186,"column":null}},"loc":{"start":{"line":190,"column":4},"end":{"line":195,"column":null}},"line":190},"8":{"name":"(anonymous_8)","decl":{"start":{"line":198,"column":6},"end":{"line":198,"column":21}},"loc":{"start":{"line":198,"column":21},"end":{"line":199,"column":null}},"line":198},"9":{"name":"(anonymous_9)","decl":{"start":{"line":202,"column":6},"end":{"line":202,"column":24}},"loc":{"start":{"line":202,"column":24},"end":{"line":203,"column":null}},"line":202},"10":{"name":"(anonymous_10)","decl":{"start":{"line":206,"column":6},"end":{"line":206,"column":22}},"loc":{"start":{"line":206,"column":22},"end":{"line":207,"column":null}},"line":206},"11":{"name":"(anonymous_11)","decl":{"start":{"line":216,"column":8},"end":{"line":216,"column":16}},"loc":{"start":{"line":216,"column":67},"end":{"line":247,"column":null}},"line":216},"12":{"name":"(anonymous_12)","decl":{"start":{"line":223,"column":10},"end":{"line":223,"column":21}},"loc":{"start":{"line":223,"column":88},"end":{"line":228,"column":null}},"line":223}},"branchMap":{"0":{"loc":{"start":{"line":40,"column":4},"end":{"line":44,"column":null}},"type":"if","locations":[{"start":{"line":40,"column":4},"end":{"line":44,"column":null}},{"start":{"line":41,"column":13},"end":{"line":44,"column":null}}],"line":40},"1":{"loc":{"start":{"line":40,"column":8},"end":{"line":40,"column":43}},"type":"binary-expr","locations":[{"start":{"line":40,"column":8},"end":{"line":40,"column":23}},{"start":{"line":40,"column":27},"end":{"line":40,"column":43}}],"line":40},"2":{"loc":{"start":{"line":41,"column":13},"end":{"line":44,"column":null}},"type":"if","locations":[{"start":{"line":41,"column":13},"end":{"line":44,"column":null}},{"start":{"line":42,"column":13},"end":{"line":44,"column":null}}],"line":41},"3":{"loc":{"start":{"line":41,"column":13},"end":{"line":41,"column":49}},"type":"binary-expr","locations":[{"start":{"line":41,"column":13},"end":{"line":41,"column":29}},{"start":{"line":41,"column":33},"end":{"line":41,"column":49}}],"line":41},"4":{"loc":{"start":{"line":42,"column":13},"end":{"line":44,"column":null}},"type":"if","locations":[{"start":{"line":42,"column":13},"end":{"line":44,"column":null}},{"start":{"line":43,"column":13},"end":{"line":44,"column":null}}],"line":42},"5":{"loc":{"start":{"line":42,"column":13},"end":{"line":42,"column":47}},"type":"binary-expr","locations":[{"start":{"line":42,"column":13},"end":{"line":42,"column":27}},{"start":{"line":42,"column":31},"end":{"line":42,"column":47}}],"line":42},"6":{"loc":{"start":{"line":43,"column":13},"end":{"line":44,"column":null}},"type":"if","locations":[{"start":{"line":43,"column":13},"end":{"line":44,"column":null}},{"start":{"line":44,"column":13},"end":{"line":44,"column":null}}],"line":43},"7":{"loc":{"start":{"line":43,"column":13},"end":{"line":43,"column":49}},"type":"binary-expr","locations":[{"start":{"line":43,"column":13},"end":{"line":43,"column":29}},{"start":{"line":43,"column":33},"end":{"line":43,"column":49}}],"line":43},"8":{"loc":{"start":{"line":44,"column":13},"end":{"line":44,"column":null}},"type":"if","locations":[{"start":{"line":44,"column":13},"end":{"line":44,"column":null}},{"start":{},"end":{}}],"line":44},"9":{"loc":{"start":{"line":44,"column":13},"end":{"line":44,"column":49}},"type":"binary-expr","locations":[{"start":{"line":44,"column":13},"end":{"line":44,"column":29}},{"start":{"line":44,"column":33},"end":{"line":44,"column":49}}],"line":44},"10":{"loc":{"start":{"line":50,"column":2},"end":{"line":50,"column":null}},"type":"if","locations":[{"start":{"line":50,"column":2},"end":{"line":50,"column":null}},{"start":{},"end":{}}],"line":50},"11":{"loc":{"start":{"line":50,"column":6},"end":{"line":50,"column":35}},"type":"binary-expr","locations":[{"start":{"line":50,"column":6},"end":{"line":50,"column":19}},{"start":{"line":50,"column":19},"end":{"line":50,"column":35}}],"line":50},"12":{"loc":{"start":{"line":51,"column":2},"end":{"line":51,"column":null}},"type":"if","locations":[{"start":{"line":51,"column":2},"end":{"line":51,"column":null}},{"start":{},"end":{}}],"line":51},"13":{"loc":{"start":{"line":51,"column":6},"end":{"line":51,"column":35}},"type":"binary-expr","locations":[{"start":{"line":51,"column":6},"end":{"line":51,"column":19}},{"start":{"line":51,"column":19},"end":{"line":51,"column":35}}],"line":51},"14":{"loc":{"start":{"line":52,"column":2},"end":{"line":52,"column":null}},"type":"if","locations":[{"start":{"line":52,"column":2},"end":{"line":52,"column":null}},{"start":{},"end":{}}],"line":52},"15":{"loc":{"start":{"line":52,"column":6},"end":{"line":52,"column":35}},"type":"binary-expr","locations":[{"start":{"line":52,"column":6},"end":{"line":52,"column":19}},{"start":{"line":52,"column":19},"end":{"line":52,"column":35}}],"line":52},"16":{"loc":{"start":{"line":53,"column":2},"end":{"line":53,"column":null}},"type":"if","locations":[{"start":{"line":53,"column":2},"end":{"line":53,"column":null}},{"start":{},"end":{}}],"line":53},"17":{"loc":{"start":{"line":53,"column":6},"end":{"line":53,"column":35}},"type":"binary-expr","locations":[{"start":{"line":53,"column":6},"end":{"line":53,"column":19}},{"start":{"line":53,"column":19},"end":{"line":53,"column":35}}],"line":53},"18":{"loc":{"start":{"line":54,"column":2},"end":{"line":54,"column":null}},"type":"if","locations":[{"start":{"line":54,"column":2},"end":{"line":54,"column":null}},{"start":{},"end":{}}],"line":54},"19":{"loc":{"start":{"line":54,"column":6},"end":{"line":54,"column":35}},"type":"binary-expr","locations":[{"start":{"line":54,"column":6},"end":{"line":54,"column":19}},{"start":{"line":54,"column":19},"end":{"line":54,"column":35}}],"line":54},"20":{"loc":{"start":{"line":94,"column":2},"end":{"line":94,"column":null}},"type":"default-arg","locations":[{"start":{"line":94,"column":16},"end":{"line":94,"column":null}}],"line":94},"21":{"loc":{"start":{"line":103,"column":2},"end":{"line":104,"column":null}},"type":"if","locations":[{"start":{"line":103,"column":2},"end":{"line":104,"column":null}},{"start":{},"end":{}}],"line":103},"22":{"loc":{"start":{"line":103,"column":6},"end":{"line":103,"column":38}},"type":"binary-expr","locations":[{"start":{"line":103,"column":6},"end":{"line":103,"column":23}},{"start":{"line":103,"column":23},"end":{"line":103,"column":38}}],"line":103},"23":{"loc":{"start":{"line":110,"column":2},"end":{"line":111,"column":null}},"type":"if","locations":[{"start":{"line":110,"column":2},"end":{"line":111,"column":null}},{"start":{},"end":{}}],"line":110},"24":{"loc":{"start":{"line":110,"column":6},"end":{"line":110,"column":32}},"type":"binary-expr","locations":[{"start":{"line":110,"column":6},"end":{"line":110,"column":20}},{"start":{"line":110,"column":20},"end":{"line":110,"column":32}}],"line":110},"25":{"loc":{"start":{"line":131,"column":2},"end":{"line":135,"column":null}},"type":"if","locations":[{"start":{"line":131,"column":2},"end":{"line":135,"column":null}},{"start":{},"end":{}}],"line":131},"26":{"loc":{"start":{"line":131,"column":6},"end":{"line":131,"column":54}},"type":"binary-expr","locations":[{"start":{"line":131,"column":6},"end":{"line":131,"column":21}},{"start":{"line":131,"column":21},"end":{"line":131,"column":54}}],"line":131},"27":{"loc":{"start":{"line":134,"column":4},"end":{"line":135,"column":null}},"type":"if","locations":[{"start":{"line":134,"column":4},"end":{"line":135,"column":null}},{"start":{},"end":{}}],"line":134},"28":{"loc":{"start":{"line":134,"column":8},"end":{"line":134,"column":58}},"type":"binary-expr","locations":[{"start":{"line":134,"column":8},"end":{"line":134,"column":34}},{"start":{"line":134,"column":34},"end":{"line":134,"column":58}}],"line":134},"29":{"loc":{"start":{"line":168,"column":2},"end":{"line":168,"column":null}},"type":"if","locations":[{"start":{"line":168,"column":2},"end":{"line":168,"column":null}},{"start":{},"end":{}}],"line":168},"30":{"loc":{"start":{"line":169,"column":2},"end":{"line":169,"column":null}},"type":"if","locations":[{"start":{"line":169,"column":2},"end":{"line":169,"column":null}},{"start":{},"end":{}}],"line":169},"31":{"loc":{"start":{"line":216,"column":16},"end":{"line":216,"column":42}},"type":"default-arg","locations":[{"start":{"line":216,"column":40},"end":{"line":216,"column":42}}],"line":216},"32":{"loc":{"start":{"line":224,"column":6},"end":{"line":224,"column":null}},"type":"if","locations":[{"start":{"line":224,"column":6},"end":{"line":224,"column":null}},{"start":{},"end":{}}],"line":224},"33":{"loc":{"start":{"line":224,"column":10},"end":{"line":224,"column":45}},"type":"binary-expr","locations":[{"start":{"line":224,"column":10},"end":{"line":224,"column":26}},{"start":{"line":224,"column":26},"end":{"line":224,"column":45}}],"line":224}},"s":{"0":1,"1":1,"2":1,"3":1,"4":1,"5":15,"6":15,"7":47,"8":15,"9":15,"10":47,"11":47,"12":3,"13":44,"14":10,"15":34,"16":3,"17":31,"18":12,"19":19,"20":12,"21":15,"22":15,"23":2,"24":15,"25":2,"26":15,"27":1,"28":15,"29":1,"30":15,"31":1,"32":15,"33":10,"34":34,"35":10,"36":10,"37":34,"38":1,"39":7,"40":7,"41":7,"42":7,"43":7,"44":1,"45":6,"46":6,"47":6,"48":0,"49":6,"50":6,"51":6,"52":6,"53":6,"54":6,"55":6,"56":6,"57":6,"58":6,"59":1,"60":1,"61":1,"62":1,"63":6,"64":6,"65":6,"66":6,"67":4,"68":0,"69":4,"70":1,"71":3,"72":7,"73":7,"74":7,"75":7,"76":7,"77":7,"78":1,"79":1,"80":6,"81":6,"82":6,"83":6,"84":6,"85":30,"86":26,"87":4,"88":4,"89":4,"90":4,"91":6,"92":6,"93":6,"94":6,"95":6,"96":6,"97":6},"f":{"0":15,"1":47,"2":10,"3":34,"4":34,"5":7,"6":4,"7":7,"8":7,"9":1,"10":1,"11":6,"12":30},"b":{"0":[3,44],"1":[47,3],"2":[10,34],"3":[44,10],"4":[3,31],"5":[34,3],"6":[12,19],"7":[31,12],"8":[12,7],"9":[19,12],"10":[2,13],"11":[15,14],"12":[2,13],"13":[15,14],"14":[1,14],"15":[15,11],"16":[1,14],"17":[15,4],"18":[1,14],"19":[15,4],"20":[7],"21":[1,6],"22":[7,6],"23":[0,6],"24":[6,6],"25":[1,5],"26":[6,1],"27":[1,0],"28":[1,1],"29":[0,4],"30":[1,3],"31":[6],"32":[26,4],"33":[30,18]},"meta":{"lastBranch":34,"lastFunction":13,"lastStatement":98,"seen":{"s:19:18:19:57":0,"s:20:18:20:77":1,"s:21:18:21:69":2,"s:22:17:22:58":3,"s:23:16:23:70":4,"f:34:16:34:29":0,"s:35:23:35:Infinity":5,"s:36:17:36:61":6,"f:36:27:36:32":1,"s:36:38:36:60":7,"s:38:2:44:Infinity":8,"s:38:15:38:18":9,"s:39:14:39:Infinity":10,"b:40:4:44:Infinity:41:13:44:Infinity":0,"s:40:4:44:Infinity":11,"b:40:8:40:23:40:27:40:43":1,"s:40:43:40:Infinity":12,"b:41:13:44:Infinity:42:13:44:Infinity":2,"s:41:13:44:Infinity":13,"b:41:13:41:29:41:33:41:49":3,"s:41:49:41:Infinity":14,"b:42:13:44:Infinity:43:13:44:Infinity":4,"s:42:13:44:Infinity":15,"b:42:13:42:27:42:31:42:47":5,"s:42:47:42:Infinity":16,"b:43:13:44:Infinity:44:13:44:Infinity":6,"s:43:13:44:Infinity":17,"b:43:13:43:29:43:33:43:49":7,"s:43:49:43:Infinity":18,"b:44:13:44:Infinity:undefined:undefined:undefined:undefined":8,"s:44:13:44:Infinity":19,"b:44:13:44:29:44:33:44:49":9,"s:44:49:44:Infinity":20,"s:49:15:49:Infinity":21,"b:50:2:50:Infinity:undefined:undefined:undefined:undefined":10,"s:50:2:50:Infinity":22,"b:50:6:50:19:50:19:50:35":11,"s:50:35:50:Infinity":23,"b:51:2:51:Infinity:undefined:undefined:undefined:undefined":12,"s:51:2:51:Infinity":24,"b:51:6:51:19:51:19:51:35":13,"s:51:35:51:Infinity":25,"b:52:2:52:Infinity:undefined:undefined:undefined:undefined":14,"s:52:2:52:Infinity":26,"b:52:6:52:19:52:19:52:35":15,"s:52:35:52:Infinity":27,"b:53:2:53:Infinity:undefined:undefined:undefined:undefined":16,"s:53:2:53:Infinity":28,"b:53:6:53:19:53:19:53:35":17,"s:53:35:53:Infinity":29,"b:54:2:54:Infinity:undefined:undefined:undefined:undefined":18,"s:54:2:54:Infinity":30,"b:54:6:54:19:54:19:54:35":19,"s:54:35:54:Infinity":31,"s:56:2:56:Infinity":32,"f:60:16:60:35":2,"s:61:17:61:61":33,"f:61:27:61:32":3,"s:61:38:61:60":34,"s:62:19:62:Infinity":35,"s:63:2:63:Infinity":36,"f:63:16:63:22":4,"s:63:28:63:49":37,"s:77:19:77:Infinity":38,"f:89:16:89:Infinity":5,"b:94:16:94:Infinity":20,"s:97:15:97:Infinity":39,"s:98:18:98:49":40,"s:100:15:100:Infinity":41,"s:101:15:101:Infinity":42,"b:103:2:104:Infinity:undefined:undefined:undefined:undefined":21,"s:103:2:104:Infinity":43,"b:103:6:103:23:103:23:103:38":22,"s:104:4:104:Infinity":44,"s:107:16:107:Infinity":45,"s:108:16:108:Infinity":46,"b:110:2:111:Infinity:undefined:undefined:undefined:undefined":23,"s:110:2:111:Infinity":47,"b:110:6:110:20:110:20:110:32":24,"s:111:4:111:Infinity":48,"s:115:20:115:Infinity":49,"s:116:20:116:Infinity":50,"s:118:19:118:49":51,"s:121:23:121:Infinity":52,"s:122:23:122:64":53,"s:123:22:123:57":54,"s:126:15:126:37":55,"s:127:22:127:38":56,"s:128:22:128:59":57,"b:131:2:135:Infinity:undefined:undefined:undefined:undefined":25,"s:131:2:135:Infinity":58,"b:131:6:131:21:131:21:131:54":26,"s:132:17:132:Infinity":59,"s:133:18:133:Infinity":60,"b:134:4:135:Infinity:undefined:undefined:undefined:undefined":27,"s:134:4:135:Infinity":61,"b:134:8:134:34:134:34:134:58":28,"s:135:6:135:Infinity":62,"s:139:18:139:71":63,"s:140:2:140:Infinity":64,"s:141:2:141:Infinity":65,"s:144:2:144:Infinity":66,"f:164:9:164:Infinity":6,"b:168:2:168:Infinity:undefined:undefined:undefined:undefined":29,"s:168:2:168:Infinity":67,"s:168:25:168:Infinity":68,"b:169:2:169:Infinity:undefined:undefined:undefined:undefined":30,"s:169:2:169:Infinity":69,"s:169:31:169:Infinity":70,"s:170:2:170:Infinity":71,"f:186:2:186:Infinity":7,"s:191:4:191:Infinity":72,"s:192:4:192:Infinity":73,"s:193:4:193:Infinity":74,"s:194:4:194:Infinity":75,"s:195:4:195:Infinity":76,"f:198:6:198:21":8,"s:199:4:199:Infinity":77,"f:202:6:202:24":9,"s:203:4:203:Infinity":78,"f:206:6:206:22":10,"s:207:4:207:Infinity":79,"f:216:8:216:16":11,"b:216:40:216:42":31,"s:217:17:217:Infinity":80,"s:218:18:218:Infinity":81,"s:220:33:220:56":82,"s:221:32:221:42":83,"s:223:10:228:Infinity":84,"f:223:10:223:21":12,"b:224:6:224:Infinity:undefined:undefined:undefined:undefined":32,"s:224:6:224:Infinity":85,"b:224:10:224:26:224:26:224:45":33,"s:224:45:224:Infinity":86,"s:225:23:225:Infinity":87,"s:226:21:226:43":88,"s:227:6:227:Infinity":89,"s:228:6:228:Infinity":90,"s:231:4:231:Infinity":91,"s:232:4:232:Infinity":92,"s:233:4:233:Infinity":93,"s:234:4:234:Infinity":94,"s:235:4:235:Infinity":95,"s:237:30:245:Infinity":96,"s:247:4:247:Infinity":97}}}
}
